<?xml version="1.0" encoding="UTF-8"?>
<!-- Generated by org.testng.reporters.JUnitReportReporter -->
<testsuite hostname="LAPTOP-89NJ9SHK" name="testcases.EbayCheckout" tests="1" failures="0" timestamp="24 Jun 2018 17:46:54 GMT" time="28.186" errors="0">
  <testcase name="EbayCheckoutTest" time="28.186" classname="testcases.EbayCheckout"/>
</testsuite> <!-- testcases.EbayCheckout -->
