<?xml version="1.0" encoding="UTF-8"?>
<!-- Generated by org.testng.reporters.JUnitReportReporter -->
<testsuite hostname="Lenovo-PC" name="com.eBay.Testcases.EbayCheckout" tests="1" failures="0" timestamp="25 Jun 2018 04:31:51 GMT" time="0.016" errors="0">
  <testcase name="addProductToCartPage" time="0.016" classname="com.eBay.Testcases.EbayCheckout"/>
</testsuite> <!-- com.eBay.Testcases.EbayCheckout -->
