<?xml version="1.0" encoding="UTF-8"?>
<!-- Generated by org.testng.reporters.JUnitReportReporter -->
<testsuite hostname="Lenovo-PC" name="com.eBay.Testcases.PurchaseProduct" tests="2" failures="0" timestamp="27 Jun 2018 20:54:33 GMT" time="58.092" errors="0">
  <testcase name="purchaseTheProduct" time="33.203" classname="com.eBay.Testcases.PurchaseProduct"/>
  <testcase name="signInToeBay" time="24.889" classname="com.eBay.Testcases.PurchaseProduct"/>
</testsuite> <!-- com.eBay.Testcases.PurchaseProduct -->
